07:25:11.626 INFO  [restartedMain][QuestionnaireApplication.logStarting(StartupInfoLogger.java:55)] Starting QuestionnaireApplication using Java 11.0.20.1 on LAPTOP-5B8NL692 with PID 8300 (D:\JAVA-eclipse\questionnaire\bin\main started by 均 in D:\JAVA-eclipse\questionnaire)
07:25:11.633 INFO  [restartedMain][QuestionnaireApplication.logStartupProfileInfo(SpringApplication.java:632)] No active profile set, falling back to 1 default profile: "default"
07:25:11.774 INFO  [restartedMain][DevToolsPropertyDefaultsPostProcessor.logTo(DeferredLog.java:255)] Devtools property defaults active! Set 'spring.devtools.add-properties' to 'false' to disable
07:25:11.775 INFO  [restartedMain][DevToolsPropertyDefaultsPostProcessor.logTo(DeferredLog.java:255)] For additional web related logging consider setting the 'logging.level.web' property to 'DEBUG'
07:25:14.198 INFO  [restartedMain][RepositoryConfigurationDelegate.registerRepositoriesIn(RepositoryConfigurationDelegate.java:132)] Bootstrapping Spring Data JPA repositories in DEFAULT mode.
07:25:14.380 INFO  [restartedMain][RepositoryConfigurationDelegate.registerRepositoriesIn(RepositoryConfigurationDelegate.java:201)] Finished Spring Data repository scanning in 135 ms. Found 3 JPA repository interfaces.
07:25:16.778 INFO  [restartedMain][TomcatWebServer.initialize(TomcatWebServer.java:108)] Tomcat initialized with port(s): 8081 (http)
07:25:16.810 INFO  [restartedMain][Http11NioProtocol.log(DirectJDKLog.java:173)] Initializing ProtocolHandler ["http-nio-8081"]
07:25:16.810 INFO  [restartedMain][StandardService.log(DirectJDKLog.java:173)] Starting service [Tomcat]
07:25:16.810 INFO  [restartedMain][StandardEngine.log(DirectJDKLog.java:173)] Starting Servlet engine: [Apache Tomcat/9.0.82]
07:25:17.109 INFO  [restartedMain][[/].log(DirectJDKLog.java:173)] Initializing Spring embedded WebApplicationContext
07:25:17.109 INFO  [restartedMain][ServletWebServerApplicationContext.prepareWebApplicationContext(ServletWebServerApplicationContext.java:292)] Root WebApplicationContext: initialization completed in 5332 ms
07:25:17.458 INFO  [restartedMain][HikariDataSource.getConnection(HikariDataSource.java:110)] HikariPool-1 - Starting...
07:25:18.059 INFO  [restartedMain][HikariDataSource.getConnection(HikariDataSource.java:123)] HikariPool-1 - Start completed.
07:25:18.549 INFO  [restartedMain][LogHelper.logPersistenceUnitInformation(LogHelper.java:31)] HHH000204: Processing PersistenceUnitInfo [name: default]
07:25:18.721 INFO  [restartedMain][Version.logVersion(Version.java:44)] HHH000412: Hibernate ORM core version 5.6.15.Final
07:25:19.456 INFO  [restartedMain][Version.<clinit>(JavaReflectionManager.java:56)] HCANN000001: Hibernate Commons Annotations {5.1.2.Final}
07:25:20.156 INFO  [restartedMain][Dialect.<init>(Dialect.java:175)] HHH000400: Using dialect: org.hibernate.dialect.MySQL8Dialect
07:25:20.949 WARN  [restartedMain][RootClass.checkCompositeIdentifier(RootClass.java:287)] HHH000038: Composite-id class does not override equals(): com.example.questionnaire.entity.QuestionId
07:25:20.949 WARN  [restartedMain][RootClass.checkCompositeIdentifier(RootClass.java:290)] HHH000039: Composite-id class does not override hashCode(): com.example.questionnaire.entity.QuestionId
07:25:21.972 INFO  [restartedMain][JtaPlatformInitiator.initiateService(JtaPlatformInitiator.java:52)] HHH000490: Using JtaPlatform implementation: [org.hibernate.engine.transaction.jta.platform.internal.NoJtaPlatform]
07:25:22.006 INFO  [restartedMain][LocalContainerEntityManagerFactoryBean.buildNativeEntityManagerFactory(AbstractEntityManagerFactoryBean.java:437)] Initialized JPA EntityManagerFactory for persistence unit 'default'
07:25:24.178 WARN  [restartedMain][JpaBaseConfiguration$JpaWebConfiguration.openEntityManagerInViewInterceptor(JpaBaseConfiguration.java:223)] spring.jpa.open-in-view is enabled by default. Therefore, database queries may be performed during view rendering. Explicitly configure spring.jpa.open-in-view to disable this warning
07:25:25.214 INFO  [restartedMain][OptionalLiveReloadServer.startServer(OptionalLiveReloadServer.java:59)] LiveReload server is running on port 35729
07:25:25.262 INFO  [restartedMain][Http11NioProtocol.log(DirectJDKLog.java:173)] Starting ProtocolHandler ["http-nio-8081"]
07:25:25.340 INFO  [restartedMain][TomcatWebServer.start(TomcatWebServer.java:220)] Tomcat started on port(s): 8081 (http) with context path ''
07:25:25.381 INFO  [restartedMain][QuestionnaireApplication.logStarted(StartupInfoLogger.java:61)] Started QuestionnaireApplication in 14.968 seconds (JVM running for 17.929)
07:25:48.207 INFO  [http-nio-8081-exec-1][[/].log(DirectJDKLog.java:173)] Initializing Spring DispatcherServlet 'dispatcherServlet'
07:25:48.210 INFO  [http-nio-8081-exec-1][DispatcherServlet.initServletBean(FrameworkServlet.java:525)] Initializing Servlet 'dispatcherServlet'
07:25:48.213 INFO  [http-nio-8081-exec-1][DispatcherServlet.initServletBean(FrameworkServlet.java:547)] Completed initialization in 3 ms
08:29:46.242 WARN  [HikariPool-1 housekeeper][HikariPool.run(HikariPool.java:788)] HikariPool-1 - Thread starvation or clock leap detected (housekeeper delta=9m57s308ms182µs600ns).
08:30:36.409 WARN  [HikariPool-1 housekeeper][HikariPool.run(HikariPool.java:788)] HikariPool-1 - Thread starvation or clock leap detected (housekeeper delta=50s167ms468µs100ns).
09:24:38.428 WARN  [HikariPool-1 housekeeper][HikariPool.run(HikariPool.java:788)] HikariPool-1 - Thread starvation or clock leap detected (housekeeper delta=7m1s345ms856µs900ns).
12:29:03.353 WARN  [HikariPool-1 housekeeper][HikariPool.run(HikariPool.java:788)] HikariPool-1 - Thread starvation or clock leap detected (housekeeper delta=7m52s227ms197µs900ns).
13:07:52.653 WARN  [HikariPool-1 housekeeper][HikariPool.run(HikariPool.java:788)] HikariPool-1 - Thread starvation or clock leap detected (housekeeper delta=10m48s838ms325µs600ns).
19:12:37.983 WARN  [HikariPool-1 housekeeper][HikariPool.run(HikariPool.java:788)] HikariPool-1 - Thread starvation or clock leap detected (housekeeper delta=9m38s121ms743µs800ns).
19:37:57.210 WARN  [HikariPool-1 housekeeper][HikariPool.run(HikariPool.java:788)] HikariPool-1 - Thread starvation or clock leap detected (housekeeper delta=9m17s324ms31µs400ns).
21:28:57.887 WARN  [http-nio-8081-exec-4][DefaultHandlerExceptionResolver.logException(AbstractHandlerExceptionResolver.java:208)] Resolved [org.springframework.http.converter.HttpMessageNotReadableException: JSON parse error: Cannot deserialize value of type `java.util.ArrayList<com.example.questionnaire.entity.Question>` from Integer value (token `JsonToken.VALUE_NUMBER_INT`); nested exception is com.fasterxml.jackson.databind.exc.MismatchedInputException: Cannot deserialize value of type `java.util.ArrayList<com.example.questionnaire.entity.Question>` from Integer value (token `JsonToken.VALUE_NUMBER_INT`)<EOL> at [Source: (org.springframework.util.StreamUtils$NonClosingInputStream); line: 1, column: 137] (through reference chain: com.example.questionnaire.vo.QuizReq["questionList"])]
21:29:12.114 WARN  [http-nio-8081-exec-10][DefaultHandlerExceptionResolver.logException(AbstractHandlerExceptionResolver.java:208)] Resolved [org.springframework.http.converter.HttpMessageNotReadableException: JSON parse error: Cannot deserialize value of type `java.util.ArrayList<com.example.questionnaire.entity.Question>` from Integer value (token `JsonToken.VALUE_NUMBER_INT`); nested exception is com.fasterxml.jackson.databind.exc.MismatchedInputException: Cannot deserialize value of type `java.util.ArrayList<com.example.questionnaire.entity.Question>` from Integer value (token `JsonToken.VALUE_NUMBER_INT`)<EOL> at [Source: (org.springframework.util.StreamUtils$NonClosingInputStream); line: 1, column: 137] (through reference chain: com.example.questionnaire.vo.QuizReq["questionList"])]
22:03:19.928 WARN  [http-nio-8081-exec-9][DefaultHandlerExceptionResolver.logException(AbstractHandlerExceptionResolver.java:208)] Resolved [org.springframework.web.method.annotation.MethodArgumentTypeMismatchException: Failed to convert value of type 'java.lang.String' to required type 'int'; nested exception is java.lang.NumberFormatException: For input string: ":id"]
22:03:21.775 WARN  [http-nio-8081-exec-4][DefaultHandlerExceptionResolver.logException(AbstractHandlerExceptionResolver.java:208)] Resolved [org.springframework.web.method.annotation.MethodArgumentTypeMismatchException: Failed to convert value of type 'java.lang.String' to required type 'int'; nested exception is java.lang.NumberFormatException: For input string: ":id"]
22:47:18.882 WARN  [http-nio-8081-exec-2][DefaultHandlerExceptionResolver.logException(AbstractHandlerExceptionResolver.java:208)] Resolved [org.springframework.http.converter.HttpMessageNotReadableException: JSON parse error: Cannot deserialize value of type `java.lang.String` from Array value (token `JsonToken.START_ARRAY`); nested exception is com.fasterxml.jackson.databind.exc.MismatchedInputException: Cannot deserialize value of type `java.lang.String` from Array value (token `JsonToken.START_ARRAY`)<EOL> at [Source: (org.springframework.util.StreamUtils$NonClosingInputStream); line: 1, column: 96] (through reference chain: com.example.questionnaire.entity.User["ans"])]
